{
  message: 'Express module called',
  level: 'info',
  timestamp: '23/12/2024, 14:38:19'
}
{
  message: 'cors module called',
  level: 'info',
  timestamp: '23/12/2024, 14:38:19'
}
{
  message: 'jwt module called',
  level: 'info',
  timestamp: '23/12/2024, 14:38:20'
}
{
  message: 'user module called',
  level: 'info',
  timestamp: '23/12/2024, 14:38:20'
}
{
  message: 'stock module called',
  level: 'info',
  timestamp: '23/12/2024, 14:38:20'
}
{
  message: 'portfolio module called',
  level: 'info',
  timestamp: '23/12/2024, 14:38:20'
}
{
  message: 'Server is running on port undefined',
  level: 'info',
  timestamp: '23/12/2024, 14:38:20'
}
{
  message: 'Connected to database',
  level: 'info',
  timestamp: '23/12/2024, 14:38:21'
}
{
  message: 'Express module called',
  level: 'info',
  timestamp: '23/12/2024, 14:38:29'
}
{
  message: 'cors module called',
  level: 'info',
  timestamp: '23/12/2024, 14:38:29'
}
{
  message: 'jwt module called',
  level: 'info',
  timestamp: '23/12/2024, 14:38:29'
}
{
  message: 'user module called',
  level: 'info',
  timestamp: '23/12/2024, 14:38:29'
}
{
  message: 'stock module called',
  level: 'info',
  timestamp: '23/12/2024, 14:38:29'
}
{
  message: 'portfolio module called',
  level: 'info',
  timestamp: '23/12/2024, 14:38:29'
}
{
  message: 'Server is running on port undefined',
  level: 'info',
  timestamp: '23/12/2024, 14:38:29'
}
{
  message: 'Connected to database',
  level: 'info',
  timestamp: '23/12/2024, 14:38:30'
}
{
  message: 'Express module called',
  level: 'info',
  timestamp: '23/12/2024, 14:39:15'
}
{
  message: 'cors module called',
  level: 'info',
  timestamp: '23/12/2024, 14:39:15'
}
{
  message: 'jwt module called',
  level: 'info',
  timestamp: '23/12/2024, 14:39:17'
}
{
  message: 'user module called',
  level: 'info',
  timestamp: '23/12/2024, 14:39:17'
}
{
  message: 'stock module called',
  level: 'info',
  timestamp: '23/12/2024, 14:39:17'
}
{
  message: 'portfolio module called',
  level: 'info',
  timestamp: '23/12/2024, 14:39:17'
}
{
  message: 'Server is running on port undefined',
  level: 'info',
  timestamp: '23/12/2024, 14:39:17'
}
{
  message: 'Connected to database',
  level: 'info',
  timestamp: '23/12/2024, 14:39:18'
}
{
  message: 'Express module called',
  level: 'info',
  timestamp: '23/12/2024, 14:39:19'
}
{
  message: 'cors module called',
  level: 'info',
  timestamp: '23/12/2024, 14:39:19'
}
{
  message: 'jwt module called',
  level: 'info',
  timestamp: '23/12/2024, 14:39:20'
}
{
  message: 'user module called',
  level: 'info',
  timestamp: '23/12/2024, 14:39:20'
}
{
  message: 'stock module called',
  level: 'info',
  timestamp: '23/12/2024, 14:39:20'
}
{
  message: 'portfolio module called',
  level: 'info',
  timestamp: '23/12/2024, 14:39:20'
}
{
  message: 'Server is running on port undefined',
  level: 'info',
  timestamp: '23/12/2024, 14:39:20'
}
{
  message: 'Connected to database',
  level: 'info',
  timestamp: '23/12/2024, 14:39:21'
}
{
  message: 'Express module called',
  level: 'info',
  timestamp: '23/12/2024, 14:39:56'
}
{
  message: 'cors module called',
  level: 'info',
  timestamp: '23/12/2024, 14:39:56'
}
{
  message: 'jwt module called',
  level: 'info',
  timestamp: '23/12/2024, 14:39:57'
}
{
  message: 'user module called',
  level: 'info',
  timestamp: '23/12/2024, 14:39:57'
}
{
  message: 'stock module called',
  level: 'info',
  timestamp: '23/12/2024, 14:39:57'
}
{
  message: 'portfolio module called',
  level: 'info',
  timestamp: '23/12/2024, 14:39:57'
}
{
  message: 'Server is running on port 3000',
  level: 'info',
  timestamp: '23/12/2024, 14:39:57'
}
{
  message: 'Connected to database',
  level: 'info',
  timestamp: '23/12/2024, 14:39:57'
}
